{
  "stats": {
    "suites": 2,
    "tests": 23,
    "passes": 23,
    "pending": 0,
    "failures": 0,
    "start": "2025-01-23T20:57:35.695Z",
    "end": "2025-01-23T20:57:45.623Z",
    "duration": 9928,
    "testsRegistered": 23,
    "passPercent": 100,
    "pendingPercent": 0,
    "other": 0,
    "hasOther": false,
    "skipped": 0,
    "hasSkipped": false
  },
  "results": [
    {
      "uuid": "bc5114f5-9e6f-4e91-8aaa-9f55528ca366",
      "title": "",
      "fullFile": "cypress/e2e/qauto/search.cy.js",
      "file": "cypress/e2e/qauto/search.cy.js",
      "beforeHooks": [],
      "afterHooks": [],
      "tests": [],
      "suites": [
        {
          "uuid": "05713ddc-bfe1-4098-a0e1-d760a3c662b2",
          "title": "Header and Social Buttons Tests",
          "fullFile": "",
          "file": "",
          "beforeHooks": [],
          "afterHooks": [],
          "tests": [
            {
              "title": "find the Sign up button",
              "fullTitle": "Header and Social Buttons Tests find the Sign up button",
              "timedOut": null,
              "duration": 1245,
              "state": "passed",
              "speed": "fast",
              "pass": true,
              "fail": false,
              "pending": false,
              "context": null,
              "code": "cy.contains('button', 'Sign up').should('be.visible');",
              "err": {},
              "uuid": "a51e00cb-ec2d-431a-9b6e-e94e81230b48",
              "parentUUID": "05713ddc-bfe1-4098-a0e1-d760a3c662b2",
              "isHook": false,
              "skipped": false
            },
            {
              "title": "have the correct button text",
              "fullTitle": "Header and Social Buttons Tests have the correct button text",
              "timedOut": null,
              "duration": 331,
              "state": "passed",
              "speed": "fast",
              "pass": true,
              "fail": false,
              "pending": false,
              "context": null,
              "code": "cy.get('button').contains('Sign up').should('be.visible');",
              "err": {},
              "uuid": "a3d1f7fa-4769-482d-bb7d-7634adaedc41",
              "parentUUID": "05713ddc-bfe1-4098-a0e1-d760a3c662b2",
              "isHook": false,
              "skipped": false
            },
            {
              "title": "find About",
              "fullTitle": "Header and Social Buttons Tests find About",
              "timedOut": null,
              "duration": 323,
              "state": "passed",
              "speed": "fast",
              "pass": true,
              "fail": false,
              "pending": false,
              "context": null,
              "code": "cy.get('button.btn.header-link').eq(0).should('contain', 'About');",
              "err": {},
              "uuid": "c4f15a33-381d-4aa4-b1c5-d57eb75ca632",
              "parentUUID": "05713ddc-bfe1-4098-a0e1-d760a3c662b2",
              "isHook": false,
              "skipped": false
            },
            {
              "title": "find Contacts",
              "fullTitle": "Header and Social Buttons Tests find Contacts",
              "timedOut": null,
              "duration": 497,
              "state": "passed",
              "speed": "fast",
              "pass": true,
              "fail": false,
              "pending": false,
              "context": null,
              "code": "cy.get('button.btn.header-link').last().should('contain', 'Contacts');",
              "err": {},
              "uuid": "aac399ed-c765-45ae-b420-7bffae1f7e07",
              "parentUUID": "05713ddc-bfe1-4098-a0e1-d760a3c662b2",
              "isHook": false,
              "skipped": false
            },
            {
              "title": "contains",
              "fullTitle": "Header and Social Buttons Tests contains",
              "timedOut": null,
              "duration": 255,
              "state": "passed",
              "speed": "fast",
              "pass": true,
              "fail": false,
              "pending": false,
              "context": null,
              "code": "cy.contains('h1', 'Do more!');",
              "err": {},
              "uuid": "789b7aaf-1e07-4db2-9b85-4e1ed268a5be",
              "parentUUID": "05713ddc-bfe1-4098-a0e1-d760a3c662b2",
              "isHook": false,
              "skipped": false
            },
            {
              "title": "find",
              "fullTitle": "Header and Social Buttons Tests find",
              "timedOut": null,
              "duration": 267,
              "state": "passed",
              "speed": "fast",
              "pass": true,
              "fail": false,
              "pending": false,
              "context": null,
              "code": "cy.get('.header_left').find('a');",
              "err": {},
              "uuid": "9bbffea1-597f-4e83-9350-a824117afaec",
              "parentUUID": "05713ddc-bfe1-4098-a0e1-d760a3c662b2",
              "isHook": false,
              "skipped": false
            },
            {
              "title": "find a children",
              "fullTitle": "Header and Social Buttons Tests find a children",
              "timedOut": null,
              "duration": 319,
              "state": "passed",
              "speed": "fast",
              "pass": true,
              "fail": false,
              "pending": false,
              "context": null,
              "code": "cy.get('.header_left').children('a');",
              "err": {},
              "uuid": "14c3b4d9-55f1-4bd1-ab9e-acbbbf78d599",
              "parentUUID": "05713ddc-bfe1-4098-a0e1-d760a3c662b2",
              "isHook": false,
              "skipped": false
            },
            {
              "title": "parent",
              "fullTitle": "Header and Social Buttons Tests parent",
              "timedOut": null,
              "duration": 248,
              "state": "passed",
              "speed": "fast",
              "pass": true,
              "fail": false,
              "pending": false,
              "context": null,
              "code": "cy.contains('.header-link', 'Home').parent();",
              "err": {},
              "uuid": "97425180-e299-442c-9f0f-7bf260e5966a",
              "parentUUID": "05713ddc-bfe1-4098-a0e1-d760a3c662b2",
              "isHook": false,
              "skipped": false
            },
            {
              "title": "parents",
              "fullTitle": "Header and Social Buttons Tests parents",
              "timedOut": null,
              "duration": 256,
              "state": "passed",
              "speed": "fast",
              "pass": true,
              "fail": false,
              "pending": false,
              "context": null,
              "code": "cy.contains('.header-link', 'Home').parents('.container');",
              "err": {},
              "uuid": "5df4c3f0-4392-49d3-a050-47e6d81b4856",
              "parentUUID": "05713ddc-bfe1-4098-a0e1-d760a3c662b2",
              "isHook": false,
              "skipped": false
            }
          ],
          "suites": [],
          "passes": [
            "a51e00cb-ec2d-431a-9b6e-e94e81230b48",
            "a3d1f7fa-4769-482d-bb7d-7634adaedc41",
            "c4f15a33-381d-4aa4-b1c5-d57eb75ca632",
            "aac399ed-c765-45ae-b420-7bffae1f7e07",
            "789b7aaf-1e07-4db2-9b85-4e1ed268a5be",
            "9bbffea1-597f-4e83-9350-a824117afaec",
            "14c3b4d9-55f1-4bd1-ab9e-acbbbf78d599",
            "97425180-e299-442c-9f0f-7bf260e5966a",
            "5df4c3f0-4392-49d3-a050-47e6d81b4856"
          ],
          "failures": [],
          "pending": [],
          "skipped": [],
          "duration": 3741,
          "root": false,
          "rootEmpty": false,
          "_timeout": 2000
        },
        {
          "uuid": "e7180b39-7adc-41e5-94b4-35dc6e3a273b",
          "title": "Social Media and Links Tests",
          "fullFile": "",
          "file": "",
          "beforeHooks": [],
          "afterHooks": [],
          "tests": [
            {
              "title": "should find Facebook element",
              "fullTitle": "Social Media and Links Tests should find Facebook element",
              "timedOut": null,
              "duration": 292,
              "state": "passed",
              "speed": "fast",
              "pass": true,
              "fail": false,
              "pending": false,
              "context": null,
              "code": "cy.get(selector).should('be.visible');",
              "err": {},
              "uuid": "47fcf6b5-e6ac-4a7d-b0a4-fb5267e4114a",
              "parentUUID": "e7180b39-7adc-41e5-94b4-35dc6e3a273b",
              "isHook": false,
              "skipped": false
            },
            {
              "title": "navigate to the correct Facebook URL",
              "fullTitle": "Social Media and Links Tests navigate to the correct Facebook URL",
              "timedOut": null,
              "duration": 332,
              "state": "passed",
              "speed": "fast",
              "pass": true,
              "fail": false,
              "pending": false,
              "context": null,
              "code": "cy.get(`a[href=\"${url}\"]`).should('have.attr', 'href', url);",
              "err": {},
              "uuid": "aa385e3a-5ba5-4f77-9b49-bc23b524c516",
              "parentUUID": "e7180b39-7adc-41e5-94b4-35dc6e3a273b",
              "isHook": false,
              "skipped": false
            },
            {
              "title": "should find Telegram element",
              "fullTitle": "Social Media and Links Tests should find Telegram element",
              "timedOut": null,
              "duration": 273,
              "state": "passed",
              "speed": "fast",
              "pass": true,
              "fail": false,
              "pending": false,
              "context": null,
              "code": "cy.get(selector).should('be.visible');",
              "err": {},
              "uuid": "0c3cfaa4-ba7d-4d47-a347-c85d7837d17c",
              "parentUUID": "e7180b39-7adc-41e5-94b4-35dc6e3a273b",
              "isHook": false,
              "skipped": false
            },
            {
              "title": "navigate to the correct Telegram URL",
              "fullTitle": "Social Media and Links Tests navigate to the correct Telegram URL",
              "timedOut": null,
              "duration": 287,
              "state": "passed",
              "speed": "fast",
              "pass": true,
              "fail": false,
              "pending": false,
              "context": null,
              "code": "cy.get(`a[href=\"${url}\"]`).should('have.attr', 'href', url);",
              "err": {},
              "uuid": "94797034-644e-426c-bf8c-5f12923b6c80",
              "parentUUID": "e7180b39-7adc-41e5-94b4-35dc6e3a273b",
              "isHook": false,
              "skipped": false
            },
            {
              "title": "should find YouTube element",
              "fullTitle": "Social Media and Links Tests should find YouTube element",
              "timedOut": null,
              "duration": 275,
              "state": "passed",
              "speed": "fast",
              "pass": true,
              "fail": false,
              "pending": false,
              "context": null,
              "code": "cy.get(selector).should('be.visible');",
              "err": {},
              "uuid": "b9725e6f-6857-4eb0-92b4-bf37dbbda595",
              "parentUUID": "e7180b39-7adc-41e5-94b4-35dc6e3a273b",
              "isHook": false,
              "skipped": false
            },
            {
              "title": "navigate to the correct YouTube URL",
              "fullTitle": "Social Media and Links Tests navigate to the correct YouTube URL",
              "timedOut": null,
              "duration": 258,
              "state": "passed",
              "speed": "fast",
              "pass": true,
              "fail": false,
              "pending": false,
              "context": null,
              "code": "cy.get(`a[href=\"${url}\"]`).should('have.attr', 'href', url);",
              "err": {},
              "uuid": "9d1f7503-63e9-4693-8bb0-81943674099a",
              "parentUUID": "e7180b39-7adc-41e5-94b4-35dc6e3a273b",
              "isHook": false,
              "skipped": false
            },
            {
              "title": "should find Instagram element",
              "fullTitle": "Social Media and Links Tests should find Instagram element",
              "timedOut": null,
              "duration": 270,
              "state": "passed",
              "speed": "fast",
              "pass": true,
              "fail": false,
              "pending": false,
              "context": null,
              "code": "cy.get(selector).should('be.visible');",
              "err": {},
              "uuid": "ce030e8a-085b-41c8-8fed-5fb385fd17a5",
              "parentUUID": "e7180b39-7adc-41e5-94b4-35dc6e3a273b",
              "isHook": false,
              "skipped": false
            },
            {
              "title": "navigate to the correct Instagram URL",
              "fullTitle": "Social Media and Links Tests navigate to the correct Instagram URL",
              "timedOut": null,
              "duration": 255,
              "state": "passed",
              "speed": "fast",
              "pass": true,
              "fail": false,
              "pending": false,
              "context": null,
              "code": "cy.get(`a[href=\"${url}\"]`).should('have.attr', 'href', url);",
              "err": {},
              "uuid": "e1bc25dc-ba90-4161-991d-dc002c9fc7be",
              "parentUUID": "e7180b39-7adc-41e5-94b4-35dc6e3a273b",
              "isHook": false,
              "skipped": false
            },
            {
              "title": "should find LinkedIn element",
              "fullTitle": "Social Media and Links Tests should find LinkedIn element",
              "timedOut": null,
              "duration": 336,
              "state": "passed",
              "speed": "fast",
              "pass": true,
              "fail": false,
              "pending": false,
              "context": null,
              "code": "cy.get(selector).should('be.visible');",
              "err": {},
              "uuid": "0ab42c42-4580-4c53-9cda-d051b5c319ed",
              "parentUUID": "e7180b39-7adc-41e5-94b4-35dc6e3a273b",
              "isHook": false,
              "skipped": false
            },
            {
              "title": "navigate to the correct LinkedIn URL",
              "fullTitle": "Social Media and Links Tests navigate to the correct LinkedIn URL",
              "timedOut": null,
              "duration": 297,
              "state": "passed",
              "speed": "fast",
              "pass": true,
              "fail": false,
              "pending": false,
              "context": null,
              "code": "cy.get(`a[href=\"${url}\"]`).should('have.attr', 'href', url);",
              "err": {},
              "uuid": "57e649e0-88e9-41d8-b2fa-cbc76658078a",
              "parentUUID": "e7180b39-7adc-41e5-94b4-35dc6e3a273b",
              "isHook": false,
              "skipped": false
            },
            {
              "title": "should find itHillel element",
              "fullTitle": "Social Media and Links Tests should find itHillel element",
              "timedOut": null,
              "duration": 305,
              "state": "passed",
              "speed": "fast",
              "pass": true,
              "fail": false,
              "pending": false,
              "context": null,
              "code": "cy.get(selector).should('be.visible');",
              "err": {},
              "uuid": "126caa36-26d2-4227-b722-a525004a5f92",
              "parentUUID": "e7180b39-7adc-41e5-94b4-35dc6e3a273b",
              "isHook": false,
              "skipped": false
            },
            {
              "title": "navigate to the correct itHillel URL",
              "fullTitle": "Social Media and Links Tests navigate to the correct itHillel URL",
              "timedOut": null,
              "duration": 266,
              "state": "passed",
              "speed": "fast",
              "pass": true,
              "fail": false,
              "pending": false,
              "context": null,
              "code": "cy.get(`a[href=\"${url}\"]`).should('have.attr', 'href', url);",
              "err": {},
              "uuid": "04860c16-0dbb-4489-a84e-a2fc2e413139",
              "parentUUID": "e7180b39-7adc-41e5-94b4-35dc6e3a273b",
              "isHook": false,
              "skipped": false
            },
            {
              "title": "should find Support Email element",
              "fullTitle": "Social Media and Links Tests should find Support Email element",
              "timedOut": null,
              "duration": 467,
              "state": "passed",
              "speed": "fast",
              "pass": true,
              "fail": false,
              "pending": false,
              "context": null,
              "code": "cy.get(selector).should('be.visible');",
              "err": {},
              "uuid": "116beaf3-5e64-4084-a951-48055c50a87e",
              "parentUUID": "e7180b39-7adc-41e5-94b4-35dc6e3a273b",
              "isHook": false,
              "skipped": false
            },
            {
              "title": "navigate to the correct Support Email URL",
              "fullTitle": "Social Media and Links Tests navigate to the correct Support Email URL",
              "timedOut": null,
              "duration": 396,
              "state": "passed",
              "speed": "fast",
              "pass": true,
              "fail": false,
              "pending": false,
              "context": null,
              "code": "cy.get(`a[href=\"${url}\"]`).should('have.attr', 'href', url);",
              "err": {},
              "uuid": "4c4fb791-4b52-452a-b3a0-c52a01a610f4",
              "parentUUID": "e7180b39-7adc-41e5-94b4-35dc6e3a273b",
              "isHook": false,
              "skipped": false
            }
          ],
          "suites": [],
          "passes": [
            "47fcf6b5-e6ac-4a7d-b0a4-fb5267e4114a",
            "aa385e3a-5ba5-4f77-9b49-bc23b524c516",
            "0c3cfaa4-ba7d-4d47-a347-c85d7837d17c",
            "94797034-644e-426c-bf8c-5f12923b6c80",
            "b9725e6f-6857-4eb0-92b4-bf37dbbda595",
            "9d1f7503-63e9-4693-8bb0-81943674099a",
            "ce030e8a-085b-41c8-8fed-5fb385fd17a5",
            "e1bc25dc-ba90-4161-991d-dc002c9fc7be",
            "0ab42c42-4580-4c53-9cda-d051b5c319ed",
            "57e649e0-88e9-41d8-b2fa-cbc76658078a",
            "126caa36-26d2-4227-b722-a525004a5f92",
            "04860c16-0dbb-4489-a84e-a2fc2e413139",
            "116beaf3-5e64-4084-a951-48055c50a87e",
            "4c4fb791-4b52-452a-b3a0-c52a01a610f4"
          ],
          "failures": [],
          "pending": [],
          "skipped": [],
          "duration": 4309,
          "root": false,
          "rootEmpty": false,
          "_timeout": 2000
        }
      ],
      "passes": [],
      "failures": [],
      "pending": [],
      "skipped": [],
      "duration": 0,
      "root": true,
      "rootEmpty": true,
      "_timeout": 2000
    }
  ],
  "meta": {
    "mocha": {
      "version": "7.0.1"
    },
    "mochawesome": {
      "options": {
        "quiet": false,
        "reportFilename": "mochawesome",
        "saveHtml": true,
        "saveJson": true,
        "consoleReporter": "spec",
        "useInlineDiffs": false,
        "code": true
      },
      "version": "7.1.3"
    },
    "marge": {
      "options": {
        "reportDir": "cypress/reports",
        "overwrite": false,
        "html": true,
        "json": true
      },
      "version": "6.2.0"
    }
  }
}