{
  "stats": {
    "suites": 1,
    "tests": 1,
    "passes": 1,
    "pending": 0,
    "failures": 0,
    "start": "2025-01-23T20:57:18.829Z",
    "end": "2025-01-23T20:57:23.182Z",
    "duration": 4353,
    "testsRegistered": 1,
    "passPercent": 100,
    "pendingPercent": 0,
    "other": 0,
    "hasOther": false,
    "skipped": 0,
    "hasSkipped": false
  },
  "results": [
    {
      "uuid": "1abbd73c-b5fb-4279-baca-571ad3cc4b7c",
      "title": "",
      "fullFile": "cypress/e2e/qauto/expenses.cy.js",
      "file": "cypress/e2e/qauto/expenses.cy.js",
      "beforeHooks": [],
      "afterHooks": [],
      "tests": [],
      "suites": [
        {
          "uuid": "7dcfdad5-6be3-44ad-9bec-6b36892dfce9",
          "title": "Fuel expenses with POM",
          "fullFile": "",
          "file": "",
          "beforeHooks": [],
          "afterHooks": [],
          "tests": [
            {
              "title": "Send form when fields are empty",
              "fullTitle": "Fuel expenses with POM Send form when fields are empty",
              "timedOut": null,
              "duration": 3906,
              "state": "passed",
              "speed": "fast",
              "pass": true,
              "fail": false,
              "pending": false,
              "context": null,
              "code": "_FuelPage.default.disabledButton();",
              "err": {},
              "uuid": "d32f0782-cae5-40fb-8b9f-cd69501cfb29",
              "parentUUID": "7dcfdad5-6be3-44ad-9bec-6b36892dfce9",
              "isHook": false,
              "skipped": false
            }
          ],
          "suites": [],
          "passes": [
            "d32f0782-cae5-40fb-8b9f-cd69501cfb29"
          ],
          "failures": [],
          "pending": [],
          "skipped": [],
          "duration": 3906,
          "root": false,
          "rootEmpty": false,
          "_timeout": 2000
        }
      ],
      "passes": [],
      "failures": [],
      "pending": [],
      "skipped": [],
      "duration": 0,
      "root": true,
      "rootEmpty": true,
      "_timeout": 2000
    }
  ],
  "meta": {
    "mocha": {
      "version": "7.0.1"
    },
    "mochawesome": {
      "options": {
        "quiet": false,
        "reportFilename": "mochawesome",
        "saveHtml": true,
        "saveJson": true,
        "consoleReporter": "spec",
        "useInlineDiffs": false,
        "code": true
      },
      "version": "7.1.3"
    },
    "marge": {
      "options": {
        "reportDir": "cypress/reports",
        "overwrite": false,
        "html": true,
        "json": true
      },
      "version": "6.2.0"
    }
  }
}